INFO:PhoPro.core.PhotometryPipeline:Beginning pipeline
INFO:PhoPro.core.PhotometryPipeline:Validating static inputs...
INFO:PhoPro.core.PhotometryPipeline:Discovering inputs...
INFO:PhoPro.core.PhotometryPipeline:Building jobs...
INFO:PhoPro.core.PhotometryPipeline:Validating loader_kwargs per-job...
INFO:PhoPro.core.PhotometryPipeline:Iterating over 3 jobs...

INFO:PhoPro.core.PhotometryPipeline:Processing job data/pipeline/case2/experiment_1.csv (1/3)
INFO:PhoPro.core.PhotometryPipeline:Loading expriment...
INFO:PhoPro.core.PhotometryPipeline:Preprocessing signal...
INFO:PhoPro.core.PhotometryPipeline:Extracting trial data...
INFO:PhoPro.core.PhotometryPipeline:Passing down experiment metadata as columns...
INFO:PhoPro.core.PhotometryPipeline:Accumulating result...
INFO:PhoPro.core.PhotometryPipeline:Finished processing experiment with 20 trials x 320 timepoints.
INFO:PhoPro.core.PhotometryPipeline:Job 1 complete.

INFO:PhoPro.core.PhotometryPipeline:Processing job data/pipeline/case2/experiment_2.csv (2/3)
INFO:PhoPro.core.PhotometryPipeline:Loading expriment...
INFO:PhoPro.core.PhotometryPipeline:Preprocessing signal...
INFO:PhoPro.core.PhotometryPipeline:Extracting trial data...
INFO:PhoPro.core.PhotometryPipeline:Passing down experiment metadata as columns...
INFO:PhoPro.core.PhotometryPipeline:Accumulating result...
INFO:PhoPro.core.PhotometryPipeline:Finished processing experiment with 20 trials x 320 timepoints.
INFO:PhoPro.core.PhotometryPipeline:Job 2 complete.

INFO:PhoPro.core.PhotometryPipeline:Processing job data/pipeline/case2/experiment_3.csv (3/3)
INFO:PhoPro.core.PhotometryPipeline:Loading expriment...
INFO:PhoPro.core.PhotometryPipeline:Preprocessing signal...
INFO:PhoPro.core.PhotometryPipeline:Extracting trial data...
INFO:PhoPro.core.PhotometryPipeline:Passing down experiment metadata as columns...
INFO:PhoPro.core.PhotometryPipeline:Accumulating result...
INFO:PhoPro.core.PhotometryPipeline:Finished processing experiment with 20 trials x 320 timepoints.
INFO:PhoPro.core.PhotometryPipeline:Job 3 complete.

INFO:PhoPro.core.PhotometryPipeline:Finalizng results...
INFO:PhoPro.core.PhotometryPipeline:Processing pipeline complete with 0 errors and 3 successes out of 3 jobs.
